<?xml version="1.0" encoding="UTF-8"?>
<testsuite xmlns:xsi="http://www.w3.org/2001/XMLSchema-instance" xsi:noNamespaceSchemaLocation="https://maven.apache.org/surefire/maven-surefire-plugin/xsd/surefire-test-report-3.0.xsd" version="3.0" name="org.hse.software.construction.tickets.TicketsApplicationTests" time="12.726" tests="1" errors="0" skipped="0" failures="0">
  <properties>
[...]
</properties>
  <testcase name="contextLoads" classname="org.hse.software.construction.tickets.TicketsApplicationTests" time="0.606">
    <system-out><![CDATA[14:21:35.430 [main] INFO org.springframework.test.context.support.AnnotationConfigContextLoaderUtils -- Could not detect default configuration classes for test class [org.hse.software.construction.tickets.TicketsApplicationTests]: TicketsApplicationTests does not declare any static, non-private, non-final, nested classes annotated with @Configuration.
14:21:36.024 [main] INFO org.springframework.boot.test.context.SpringBootTestContextBootstrapper -- Found @SpringBootConfiguration org.hse.software.construction.tickets.TicketsApplication for test class org.hse.software.construction.tickets.TicketsApplicationTests

  .   ____          _            __ _ _
 /\\ / ___'_ __ _ _(_)_ __  __ _ \ \ \ \
( ( )\___ | '_ | '_| | '_ \/ _` | \ \ \ \
 \\/  ___)| |_)| | | | | || (_| |  ) ) ) )
  '  |____| .__|_| |_|_| |_\__, | / / / /
 =========|_|==============|___/=/_/_/_/
 :: Spring Boot ::                (v3.1.4)

2024-06-09T14:21:37.103+03:00  INFO 416 --- [           main] o.h.s.c.tickets.TicketsApplicationTests  : Starting TicketsApplicationTests using Java 21.0.1 with PID 416 (started by Acer ASPIRE 5 in C:\Users\Acer ASPIRE 5\OneDrive\Рабочий стол\погром\КПО\tickets)
2024-06-09T14:21:37.106+03:00  INFO 416 --- [           main] o.h.s.c.tickets.TicketsApplicationTests  : No active profile set, falling back to 1 default profile: "default"
2024-06-09T14:21:38.229+03:00  INFO 416 --- [           main] .s.d.r.c.RepositoryConfigurationDelegate : Bootstrapping Spring Data JPA repositories in DEFAULT mode.
2024-06-09T14:21:38.389+03:00  INFO 416 --- [           main] .s.d.r.c.RepositoryConfigurationDelegate : Finished Spring Data repository scanning in 146 ms. Found 3 JPA repository interfaces.
2024-06-09T14:21:39.682+03:00  INFO 416 --- [           main] o.hibernate.jpa.internal.util.LogHelper  : HHH000204: Processing PersistenceUnitInfo [name: default]
2024-06-09T14:21:39.810+03:00  INFO 416 --- [           main] org.hibernate.Version                    : HHH000412: Hibernate ORM core version 6.2.9.Final
2024-06-09T14:21:39.812+03:00  INFO 416 --- [           main] org.hibernate.cfg.Environment            : HHH000406: Using bytecode reflection optimizer
2024-06-09T14:21:40.034+03:00  INFO 416 --- [           main] o.h.b.i.BytecodeProviderInitiator        : HHH000021: Bytecode provider name : bytebuddy
2024-06-09T14:21:40.634+03:00  INFO 416 --- [           main] o.s.o.j.p.SpringPersistenceUnitInfo      : No LoadTimeWeaver setup: ignoring JPA class transformer
2024-06-09T14:21:40.663+03:00  INFO 416 --- [           main] com.zaxxer.hikari.HikariDataSource       : HikariPool-1 - Starting...
2024-06-09T14:21:41.102+03:00  INFO 416 --- [           main] com.zaxxer.hikari.pool.HikariPool        : HikariPool-1 - Added connection org.postgresql.jdbc.PgConnection@6f07d414
2024-06-09T14:21:41.104+03:00  INFO 416 --- [           main] com.zaxxer.hikari.HikariDataSource       : HikariPool-1 - Start completed.
2024-06-09T14:21:41.707+03:00  INFO 416 --- [           main] o.h.b.i.BytecodeProviderInitiator        : HHH000021: Bytecode provider name : bytebuddy
2024-06-09T14:21:43.782+03:00  INFO 416 --- [           main] o.h.e.t.j.p.i.JtaPlatformInitiator       : HHH000490: Using JtaPlatform implementation: [org.hibernate.engine.transaction.jta.platform.internal.NoJtaPlatform]
Hibernate: 
    alter table if exists _order 
       drop constraint if exists FK4u32k3q6llil61ff6f7t1n315
2024-06-09T14:21:43.838+03:00  WARN 416 --- [           main] o.h.engine.jdbc.spi.SqlExceptionHelper   : SQL Warning Code: 0, SQLState: 00000
2024-06-09T14:21:43.838+03:00  WARN 416 --- [           main] o.h.engine.jdbc.spi.SqlExceptionHelper   : relation "_order" does not exist, skipping
Hibernate: 
    alter table if exists _order 
       drop constraint if exists FKnyetpc99bkaxvqxg00q2iadss
2024-06-09T14:21:43.838+03:00  WARN 416 --- [           main] o.h.engine.jdbc.spi.SqlExceptionHelper   : SQL Warning Code: 0, SQLState: 00000
2024-06-09T14:21:43.838+03:00  WARN 416 --- [           main] o.h.engine.jdbc.spi.SqlExceptionHelper   : relation "_order" does not exist, skipping
Hibernate: 
    alter table if exists _order 
       drop constraint if exists FKprpwig2d34d265to98qdg694e
2024-06-09T14:21:43.840+03:00  WARN 416 --- [           main] o.h.engine.jdbc.spi.SqlExceptionHelper   : SQL Warning Code: 0, SQLState: 00000
2024-06-09T14:21:43.840+03:00  WARN 416 --- [           main] o.h.engine.jdbc.spi.SqlExceptionHelper   : relation "_order" does not exist, skipping
Hibernate: 
    drop table if exists _order cascade
2024-06-09T14:21:43.842+03:00  WARN 416 --- [           main] o.h.engine.jdbc.spi.SqlExceptionHelper   : SQL Warning Code: 0, SQLState: 00000
2024-06-09T14:21:43.842+03:00  WARN 416 --- [           main] o.h.engine.jdbc.spi.SqlExceptionHelper   : table "_order" does not exist, skipping
Hibernate: 
    drop table if exists _user cascade
2024-06-09T14:21:43.842+03:00  WARN 416 --- [           main] o.h.engine.jdbc.spi.SqlExceptionHelper   : SQL Warning Code: 0, SQLState: 00000
2024-06-09T14:21:43.842+03:00  WARN 416 --- [           main] o.h.engine.jdbc.spi.SqlExceptionHelper   : table "_user" does not exist, skipping
Hibernate: 
    drop table if exists station cascade
2024-06-09T14:21:43.842+03:00  WARN 416 --- [           main] o.h.engine.jdbc.spi.SqlExceptionHelper   : SQL Warning Code: 0, SQLState: 00000
2024-06-09T14:21:43.843+03:00  WARN 416 --- [           main] o.h.engine.jdbc.spi.SqlExceptionHelper   : table "station" does not exist, skipping
Hibernate: 
    create table _order (
        from_station_id integer not null,
        id serial not null,
        status integer not null,
        to_station_id integer not null,
        user_id integer not null,
        created TIMESTAMP DEFAULT CURRENT_TIMESTAMP not null,
        primary key (id)
    )
Hibernate: 
    create table _user (
        id integer not null,
        nickname varchar(50) not null,
        email varchar(100) not null unique,
        password varchar(255) not null,
        primary key (id)
    )
Hibernate: 
    create table station (
        id serial not null,
        station varchar(50) not null,
        primary key (id)
    )
Hibernate: 
    alter table if exists _order 
       add constraint FK4u32k3q6llil61ff6f7t1n315 
       foreign key (from_station_id) 
       references station
Hibernate: 
    alter table if exists _order 
       add constraint FKnyetpc99bkaxvqxg00q2iadss 
       foreign key (to_station_id) 
       references station
Hibernate: 
    alter table if exists _order 
       add constraint FKprpwig2d34d265to98qdg694e 
       foreign key (user_id) 
       references _user
2024-06-09T14:21:43.972+03:00  INFO 416 --- [           main] j.LocalContainerEntityManagerFactoryBean : Initialized JPA EntityManagerFactory for persistence unit 'default'
2024-06-09T14:21:44.852+03:00  WARN 416 --- [           main] JpaBaseConfiguration$JpaWebConfiguration : spring.jpa.open-in-view is enabled by default. Therefore, database queries may be performed during view rendering. Explicitly configure spring.jpa.open-in-view to disable this warning
2024-06-09T14:21:44.896+03:00  WARN 416 --- [           main] .s.s.UserDetailsServiceAutoConfiguration : 

Using generated security password: 477e616d-83a0-4ab7-9380-f34829e0cdda

This generated password is for development use only. Your security configuration must be updated before running your application in production.

2024-06-09T14:21:45.176+03:00  INFO 416 --- [           main] o.s.s.web.DefaultSecurityFilterChain     : Will secure any request with [org.springframework.security.web.session.DisableEncodeUrlFilter@4fea9f19, org.springframework.security.web.context.request.async.WebAsyncManagerIntegrationFilter@37a14aa1, org.springframework.security.web.context.SecurityContextHolderFilter@1e75bef1, org.springframework.security.web.header.HeaderWriterFilter@78805df3, org.springframework.security.web.authentication.logout.LogoutFilter@294bb6ae, org.springframework.security.web.savedrequest.RequestCacheAwareFilter@1e489957, org.springframework.security.web.servletapi.SecurityContextHolderAwareRequestFilter@5b827796, org.springframework.security.web.authentication.AnonymousAuthenticationFilter@6ac4f31d, org.springframework.security.web.session.SessionManagementFilter@382608d0, org.springframework.security.web.access.ExceptionTranslationFilter@40239b34, org.springframework.security.web.access.intercept.AuthorizationFilter@294a3f2a]
2024-06-09T14:21:46.390+03:00  INFO 416 --- [           main] o.h.s.c.tickets.TicketsApplicationTests  : Started TicketsApplicationTests in 9.781 seconds (process running for 12.784)
Hibernate: 
    insert 
    into
        station
        (station) 
    values
        (?)
Hibernate: 
    insert 
    into
        station
        (station) 
    values
        (?)
Hibernate: 
    insert 
    into
        station
        (station) 
    values
        (?)
Hibernate: 
    insert 
    into
        station
        (station) 
    values
        (?)
Hibernate: 
    insert 
    into
        station
        (station) 
    values
        (?)
Hibernate: 
    select
        u1_0.id,
        u1_0.email,
        u1_0.nickname,
        u1_0.password 
    from
        _user u1_0 
    where
        u1_0.id=?
Hibernate: 
    select
        o1_0.id,
        o1_0.created,
        o1_0.from_station_id,
        o1_0.status,
        o1_0.to_station_id,
        o1_0.user_id 
    from
        _order o1_0 
    where
        o1_0.status=?
Hibernate: 
    insert 
    into
        _user
        (email,nickname,password,id) 
    values
        (?,?,?,?)
Hibernate: 
    select
        u1_0.id,
        u1_0.email,
        u1_0.nickname,
        u1_0.password 
    from
        _user u1_0 
    where
        u1_0.id=?
Hibernate: 
    insert 
    into
        _user
        (email,nickname,password,id) 
    values
        (?,?,?,?)
Hibernate: 
    select
        u1_0.id,
        u1_0.email,
        u1_0.nickname,
        u1_0.password 
    from
        _user u1_0 
    where
        u1_0.id=?
Hibernate: 
    insert 
    into
        _user
        (email,nickname,password,id) 
    values
        (?,?,?,?)
Hibernate: 
    select
        u1_0.id,
        u1_0.email,
        u1_0.nickname,
        u1_0.password 
    from
        _user u1_0 
    where
        u1_0.id=?
Hibernate: 
    insert 
    into
        _user
        (email,nickname,password,id) 
    values
        (?,?,?,?)
Hibernate: 
    select
        u1_0.id,
        u1_0.email,
        u1_0.nickname,
        u1_0.password 
    from
        _user u1_0 
    where
        u1_0.id=?
Hibernate: 
    insert 
    into
        _user
        (email,nickname,password,id) 
    values
        (?,?,?,?)
Hibernate: 
    select
        u1_0.id,
        u1_0.email,
        u1_0.nickname,
        u1_0.password 
    from
        _user u1_0 
    where
        u1_0.id=?
Hibernate: 
    insert 
    into
        _user
        (email,nickname,password,id) 
    values
        (?,?,?,?)
]]></system-out>
    <system-err><![CDATA[WARNING: A Java agent has been loaded dynamically (C:\Users\Acer ASPIRE 5\.m2\repository\net\bytebuddy\byte-buddy-agent\1.14.8\byte-buddy-agent-1.14.8.jar)
WARNING: If a serviceability tool is in use, please run with -XX:+EnableDynamicAgentLoading to hide this warning
WARNING: If a serviceability tool is not in use, please run with -Djdk.instrument.traceUsage for more information
WARNING: Dynamic loading of agents will be disallowed by default in a future release
]]></system-err>
  </testcase>
</testsuite>